--Test Create tasklists

HTTP/1.1 201 Created
Date: Mon, 18 Apr 2022 19:53:00 GMT
Server: Apache/2.4.53 (Debian)
Upgrade: h2,h2c
Connection: Upgrade
Content-Length: 16
Content-Type: application/json

{"taskListId":1}

HTTP/1.1 201 Created
Date: Mon, 18 Apr 2022 19:53:00 GMT
Server: Apache/2.4.53 (Debian)
Upgrade: h2,h2c
Connection: Upgrade
Content-Length: 16
Content-Type: application/json

{"taskListId":2}

HTTP/1.1 201 Created
Date: Mon, 18 Apr 2022 19:53:00 GMT
Server: Apache/2.4.53 (Debian)
Upgrade: h2,h2c
Connection: Upgrade
Content-Length: 16
Content-Type: application/json

{"taskListId":3}

HTTP/1.1 201 Created
Date: Mon, 18 Apr 2022 19:53:01 GMT
Server: Apache/2.4.53 (Debian)
Upgrade: h2,h2c
Connection: Upgrade
Content-Length: 16
Content-Type: application/json

{"taskListId":4}

--Test List tasklists

HTTP/1.1 200 OK
Date: Mon, 18 Apr 2022 19:53:01 GMT
Server: Apache/2.4.53 (Debian)
Upgrade: h2,h2c
Connection: Upgrade
Content-Length: 289
Content-Type: application/json

[{"taskListId":1,"accountId":"1","taskListName":"taskList11","status":1},{"taskListId":2,"accountId":"2","taskListName":"taskList21","status":1},{"taskListId":3,"accountId":"2","taskListName":"taskList22","status":1},{"taskListId":4,"accountId":"3","taskListName":"taskList31","status":1}]

--Test Read tasklist 3

HTTP/1.1 200 OK
Date: Mon, 18 Apr 2022 19:53:01 GMT
Server: Apache/2.4.53 (Debian)
Upgrade: h2,h2c
Connection: Upgrade
Content-Length: 71
Content-Type: application/json

{"taskListId":3,"accountId":"2","taskListName":"taskList22","status":1}

--Test List tasklists by account 2

HTTP/1.1 200 OK
Date: Mon, 18 Apr 2022 19:53:01 GMT
Server: Apache/2.4.53 (Debian)
Upgrade: h2,h2c
Connection: Upgrade
Content-Length: 145
Content-Type: application/json

[{"taskListId":2,"accountId":"2","taskListName":"taskList21","status":1},{"taskListId":3,"accountId":"2","taskListName":"taskList22","status":1}]

--Test Modify tasklist 4

HTTP/1.1 200 OK
Date: Mon, 18 Apr 2022 19:53:01 GMT
Server: Apache/2.4.53 (Debian)
Upgrade: h2,h2c
Connection: Upgrade
Content-Length: 32
Content-Type: application/json

{"message":"TaskList 4 updated"}

--Check List of tasklists

HTTP/1.1 200 OK
Date: Mon, 18 Apr 2022 19:53:01 GMT
Server: Apache/2.4.53 (Debian)
Upgrade: h2,h2c
Connection: Upgrade
Content-Length: 290
Content-Type: application/json

[{"taskListId":1,"accountId":"1","taskListName":"taskList11","status":1},{"taskListId":2,"accountId":"2","taskListName":"taskList21","status":1},{"taskListId":3,"accountId":"2","taskListName":"taskList22","status":1},{"taskListId":4,"accountId":"3","taskListName":"taskList31b","status":1}]

--Test Delete tasklist 4

HTTP/1.1 200 OK
Date: Mon, 18 Apr 2022 19:53:01 GMT
Server: Apache/2.4.53 (Debian)
Upgrade: h2,h2c
Connection: Upgrade
Content-Length: 32
Content-Type: application/json

{"message":"TaskList 4 deleted"}

--Check List of tasklists

HTTP/1.1 200 OK
Date: Mon, 18 Apr 2022 19:53:01 GMT
Server: Apache/2.4.53 (Debian)
Upgrade: h2,h2c
Connection: Upgrade
Content-Length: 217
Content-Type: application/json

[{"taskListId":1,"accountId":"1","taskListName":"taskList11","status":1},{"taskListId":2,"accountId":"2","taskListName":"taskList21","status":1},{"taskListId":3,"accountId":"2","taskListName":"taskList22","status":1}]

