--Test Create tasks

HTTP/1.1 201 Created
Date: Mon, 18 Apr 2022 19:53:03 GMT
Server: Apache/2.4.53 (Debian)
Upgrade: h2,h2c
Connection: Upgrade
Content-Length: 13
Content-Type: application/json

1{"taskId":1}

HTTP/1.1 201 Created
Date: Mon, 18 Apr 2022 19:53:03 GMT
Server: Apache/2.4.53 (Debian)
Upgrade: h2,h2c
Connection: Upgrade
Content-Length: 13
Content-Type: application/json

2{"taskId":2}

HTTP/1.1 201 Created
Date: Mon, 18 Apr 2022 19:53:03 GMT
Server: Apache/2.4.53 (Debian)
Upgrade: h2,h2c
Connection: Upgrade
Content-Length: 13
Content-Type: application/json

2{"taskId":3}

HTTP/1.1 201 Created
Date: Mon, 18 Apr 2022 19:53:03 GMT
Server: Apache/2.4.53 (Debian)
Upgrade: h2,h2c
Connection: Upgrade
Content-Length: 13
Content-Type: application/json

2{"taskId":4}

--Test List tasks

HTTP/1.1 200 OK
Date: Mon, 18 Apr 2022 19:53:03 GMT
Server: Apache/2.4.53 (Debian)
Upgrade: h2,h2c
Connection: Upgrade
Content-Length: 457
Content-Type: application/json

[{"taskId":1,"accountId":1,"taskListId":1,"taskName":"task111","status":1,"dueDate":"2022-04-22","note":"note111"},{"taskId":2,"accountId":2,"taskListId":2,"taskName":"task221","status":1,"dueDate":"2022-04-22","note":"note221"},{"taskId":3,"accountId":2,"taskListId":2,"taskName":"task222","status":1,"dueDate":"2022-04-22","note":"note222"},{"taskId":4,"accountId":2,"taskListId":3,"taskName":"task231","status":1,"dueDate":"2022-04-22","note":"note231"}]

--Test Read task 3

HTTP/1.1 200 OK
Date: Mon, 18 Apr 2022 19:53:03 GMT
Server: Apache/2.4.53 (Debian)
Upgrade: h2,h2c
Connection: Upgrade
Content-Length: 113
Content-Type: application/json

{"taskId":3,"accountId":2,"taskListId":2,"taskName":"task222","status":1,"dueDate":"2022-04-22","note":"note222"}

--Test List tasks by account 2

HTTP/1.1 200 OK
Date: Mon, 18 Apr 2022 19:53:03 GMT
Server: Apache/2.4.53 (Debian)
Upgrade: h2,h2c
Connection: Upgrade
Content-Length: 343
Content-Type: application/json

[{"taskId":2,"accountId":2,"taskListId":2,"taskName":"task221","status":1,"dueDate":"2022-04-22","note":"note221"},{"taskId":3,"accountId":2,"taskListId":2,"taskName":"task222","status":1,"dueDate":"2022-04-22","note":"note222"},{"taskId":4,"accountId":2,"taskListId":3,"taskName":"task231","status":1,"dueDate":"2022-04-22","note":"note231"}]

--Test List tasks by account 2, tasklist 2

HTTP/1.1 200 OK
Date: Mon, 18 Apr 2022 19:53:04 GMT
Server: Apache/2.4.53 (Debian)
Upgrade: h2,h2c
Connection: Upgrade
Content-Length: 229
Content-Type: application/json

[{"taskId":2,"accountId":2,"taskListId":2,"taskName":"task221","status":1,"dueDate":"2022-04-22","note":"note221"},{"taskId":3,"accountId":2,"taskListId":2,"taskName":"task222","status":1,"dueDate":"2022-04-22","note":"note222"}]

--Test Modify task 4

HTTP/1.1 200 OK
Date: Mon, 18 Apr 2022 19:53:04 GMT
Server: Apache/2.4.53 (Debian)
Upgrade: h2,h2c
Connection: Upgrade
Content-Length: 28
Content-Type: application/json

{"message":"Task 4 updated"}

--Check List of tasks

HTTP/1.1 200 OK
Date: Mon, 18 Apr 2022 19:53:04 GMT
Server: Apache/2.4.53 (Debian)
Upgrade: h2,h2c
Connection: Upgrade
Content-Length: 459
Content-Type: application/json

[{"taskId":1,"accountId":1,"taskListId":1,"taskName":"task111","status":1,"dueDate":"2022-04-22","note":"note111"},{"taskId":2,"accountId":2,"taskListId":2,"taskName":"task221","status":1,"dueDate":"2022-04-22","note":"note221"},{"taskId":3,"accountId":2,"taskListId":2,"taskName":"task222","status":1,"dueDate":"2022-04-22","note":"note222"},{"taskId":4,"accountId":2,"taskListId":3,"taskName":"task231b","status":1,"dueDate":"2022-01-01","note":"note231b"}]

--Test Delete task 4

HTTP/1.1 200 OK
Date: Mon, 18 Apr 2022 19:53:04 GMT
Server: Apache/2.4.53 (Debian)
Upgrade: h2,h2c
Connection: Upgrade
Content-Length: 28
Content-Type: application/json

{"message":"Task 4 deleted"}

--Check List of tasks

HTTP/1.1 200 OK
Date: Mon, 18 Apr 2022 19:53:04 GMT
Server: Apache/2.4.53 (Debian)
Upgrade: h2,h2c
Connection: Upgrade
Content-Length: 343
Content-Type: application/json

[{"taskId":1,"accountId":1,"taskListId":1,"taskName":"task111","status":1,"dueDate":"2022-04-22","note":"note111"},{"taskId":2,"accountId":2,"taskListId":2,"taskName":"task221","status":1,"dueDate":"2022-04-22","note":"note221"},{"taskId":3,"accountId":2,"taskListId":2,"taskName":"task222","status":1,"dueDate":"2022-04-22","note":"note222"}]

